\BOOKMARK [1][-]{section*.3}{Abstract}{}% 1
\BOOKMARK [1][-]{section*.4}{Introduction}{}% 2
\BOOKMARK [1][-]{section*.5}{Materials and Methods}{}% 3
\BOOKMARK [2][-]{section*.6}{Ethics Statement}{section*.5}% 4
\BOOKMARK [2][-]{section*.7}{Inbred Mice}{section*.5}% 5
\BOOKMARK [3][-]{section*.8}{Liver perfusion}{section*.7}% 6
\BOOKMARK [3][-]{section*.9}{Hepatocyte histone binding and gene expression assays}{section*.7}% 7
\BOOKMARK [3][-]{section*.10}{Histone chromatin immunoprecipitation assays}{section*.7}% 8
\BOOKMARK [2][-]{section*.11}{Diversity Outbred mice}{section*.5}% 9
\BOOKMARK [3][-]{section*.12}{Genotyping}{section*.11}% 10
\BOOKMARK [3][-]{section*.13}{Tissue collection and gene expression}{section*.11}% 11
\BOOKMARK [2][-]{section*.14}{Data Processing}{section*.5}% 12
\BOOKMARK [3][-]{section*.15}{Sequence processing}{section*.14}% 13
\BOOKMARK [3][-]{section*.16}{Transcript quantification}{section*.14}% 14
\BOOKMARK [3][-]{section*.17}{ChIP-Seq quantification}{section*.14}% 15
\BOOKMARK [2][-]{section*.18}{Quantifying DNA methylation}{section*.5}% 16
\BOOKMARK [2][-]{section*.19}{Analysis of histone modifications}{section*.5}% 17
\BOOKMARK [3][-]{section*.20}{Identification of chromatin states}{section*.19}% 18
\BOOKMARK [3][-]{section*.21}{Genome distribution of chromatin states}{section*.19}% 19
\BOOKMARK [3][-]{section*.22}{Chromatin state and gene expression}{section*.19}% 20
\BOOKMARK [2][-]{section*.23}{Analysis of DNA methylation}{section*.5}% 21
\BOOKMARK [3][-]{section*.24}{Creation of DNA methylome}{section*.23}% 22
\BOOKMARK [3][-]{section*.25}{Distribution of CpG sites}{section*.23}% 23
\BOOKMARK [3][-]{section*.26}{Effects of DNA methylation on gene expression}{section*.23}% 24
\BOOKMARK [2][-]{section*.27}{Imputation of genomic features in Diversity Outbred mice}{section*.5}% 25
\BOOKMARK [1][-]{section*.28}{Results}{}% 26
\BOOKMARK [2][-]{section*.29}{Chromatin state overview}{section*.28}% 27
\BOOKMARK [2][-]{section*.30}{Spatial distribution of epigenetic modifications around gene bodies}{section*.28}% 28
\BOOKMARK [2][-]{section*.31}{Spatially resolved effects on gene expression}{section*.28}% 29
\BOOKMARK [2][-]{section*.32}{Imputed chromatin state explained expression variation in diversity outbred mice}{section*.28}% 30
\BOOKMARK [1][-]{section*.33}{Discussion}{}% 31
\BOOKMARK [1][-]{section*.34}{Acknowledgements}{}% 32
\BOOKMARK [1][-]{section*.35}{Data and Software Availability}{}% 33
\BOOKMARK [1][-]{section*.36}{Figure Legends}{}% 34
\BOOKMARK [1][-]{section*.44}{Supplemental Figure Legends}{}% 35
\BOOKMARK [1][-]{section*.50}{References}{}% 36
