\BOOKMARK [1][-]{section*.1}{\376\377\000A\000b\000s\000t\000r\000a\000c\000t}{}% 1
\BOOKMARK [1][-]{section*.2}{\376\377\000I\000n\000t\000r\000o\000d\000u\000c\000t\000i\000o\000n}{}% 2
\BOOKMARK [1][-]{section*.3}{\376\377\000R\000e\000s\000u\000l\000t\000s}{}% 3
\BOOKMARK [2][-]{section*.4}{\376\377\000C\000h\000r\000o\000m\000a\000t\000i\000n\000\040\000s\000t\000a\000t\000e\000\040\000o\000v\000e\000r\000v\000i\000e\000w}{section*.3}% 4
\BOOKMARK [2][-]{section*.5}{\376\377\000D\000N\000A\000\040\000m\000e\000t\000h\000y\000l\000a\000t\000i\000o\000n\000\040\000o\000v\000e\000r\000v\000i\000e\000w}{section*.3}% 5
\BOOKMARK [2][-]{section*.6}{\376\377\000S\000p\000a\000t\000i\000a\000l\000\040\000d\000i\000s\000t\000r\000i\000b\000u\000t\000i\000o\000n\000\040\000o\000f\000\040\000e\000p\000i\000g\000e\000n\000e\000t\000i\000c\000\040\000m\000o\000d\000i\000f\000i\000c\000a\000t\000i\000o\000n\000s\000\040\000a\000r\000o\000u\000n\000d\000\040\000g\000e\000n\000e\000\040\000b\000o\000d\000i\000e\000s}{section*.3}% 6
\BOOKMARK [2][-]{section*.7}{\376\377\000S\000p\000a\000t\000i\000a\000l\000l\000y\000\040\000r\000e\000s\000o\000l\000v\000e\000d\000\040\000a\000s\000s\000o\000c\000i\000a\000t\000i\000o\000n\000s\000\040\000w\000i\000t\000h\000\040\000g\000e\000n\000e\000\040\000e\000x\000p\000r\000e\000s\000s\000i\000o\000n}{section*.3}% 7
\BOOKMARK [2][-]{section*.8}{\376\377\000I\000n\000t\000e\000r\000a\000c\000t\000i\000o\000n\000s\000\040\000b\000e\000t\000w\000e\000e\000n\000\040\000c\000h\000r\000o\000m\000a\000t\000i\000n\000\040\000s\000t\000a\000t\000e\000\040\000a\000n\000d\000\040\000D\000N\000A\000\040\000m\000e\000t\000h\000y\000l\000a\000t\000i\000o\000n}{section*.3}% 8
\BOOKMARK [2][-]{section*.9}{\376\377\000I\000m\000p\000u\000t\000e\000d\000\040\000c\000h\000r\000o\000m\000a\000t\000i\000n\000\040\000s\000t\000a\000t\000e\000\040\000w\000a\000s\000\040\000a\000s\000s\000o\000c\000i\000a\000t\000e\000d\000\040\000w\000i\000t\000h\000\040\000g\000e\000n\000e\000\040\000e\000x\000p\000r\000e\000s\000s\000i\000o\000n\000\040\000i\000n\000\040\000D\000O\000\040\000m\000i\000c\000e}{section*.3}% 9
\BOOKMARK [2][-]{section*.10}{\376\377\000H\000y\000p\000o\000t\000h\000e\000s\000i\000s\000\040\000g\000e\000n\000e\000r\000a\000t\000i\000o\000n\000\040\000f\000o\000r\000\040\000-\000r\000e\000g\000u\000l\000a\000t\000o\000r\000y\000\040\000r\000e\000g\000i\000o\000n\000s}{section*.3}% 10
\BOOKMARK [1][-]{section*.11}{\376\377\000D\000i\000s\000c\000u\000s\000s\000i\000o\000n}{}% 11
\BOOKMARK [1][-]{section*.12}{\376\377\000M\000a\000t\000e\000r\000i\000a\000l\000s\000\040\000a\000n\000d\000\040\000M\000e\000t\000h\000o\000d\000s}{}% 12
\BOOKMARK [2][-]{section*.13}{\376\377\000E\000t\000h\000i\000c\000s\000\040\000S\000t\000a\000t\000e\000m\000e\000n\000t}{section*.12}% 13
\BOOKMARK [2][-]{section*.14}{\376\377\000I\000n\000b\000r\000e\000d\000\040\000M\000i\000c\000e}{section*.12}% 14
\BOOKMARK [3][-]{section*.15}{\376\377\000L\000i\000v\000e\000r\000\040\000p\000e\000r\000f\000u\000s\000i\000o\000n}{section*.14}% 15
\BOOKMARK [3][-]{section*.16}{\376\377\000H\000e\000p\000a\000t\000o\000c\000y\000t\000e\000\040\000h\000i\000s\000t\000o\000n\000e\000\040\000b\000i\000n\000d\000i\000n\000g\000\040\000a\000n\000d\000\040\000g\000e\000n\000e\000\040\000e\000x\000p\000r\000e\000s\000s\000i\000o\000n\000\040\000a\000s\000s\000a\000y\000s}{section*.14}% 16
\BOOKMARK [3][-]{section*.17}{\376\377\000H\000i\000s\000t\000o\000n\000e\000\040\000c\000h\000r\000o\000m\000a\000t\000i\000n\000\040\000i\000m\000m\000u\000n\000o\000p\000r\000e\000c\000i\000p\000i\000t\000a\000t\000i\000o\000n\000\040\000a\000s\000s\000a\000y\000s}{section*.14}% 17
\BOOKMARK [2][-]{section*.18}{\376\377\000D\000i\000v\000e\000r\000s\000i\000t\000y\000\040\000O\000u\000t\000b\000r\000e\000d\000\040\000m\000i\000c\000e}{section*.12}% 18
\BOOKMARK [3][-]{section*.19}{\376\377\000G\000e\000n\000o\000t\000y\000p\000i\000n\000g}{section*.18}% 19
\BOOKMARK [3][-]{section*.20}{\376\377\000T\000i\000s\000s\000u\000e\000\040\000c\000o\000l\000l\000e\000c\000t\000i\000o\000n\000\040\000a\000n\000d\000\040\000g\000e\000n\000e\000\040\000e\000x\000p\000r\000e\000s\000s\000i\000o\000n}{section*.18}% 20
\BOOKMARK [2][-]{section*.21}{\376\377\000D\000a\000t\000a\000\040\000P\000r\000o\000c\000e\000s\000s\000i\000n\000g}{section*.12}% 21
\BOOKMARK [3][-]{section*.22}{\376\377\000S\000e\000q\000u\000e\000n\000c\000e\000\040\000p\000r\000o\000c\000e\000s\000s\000i\000n\000g}{section*.21}% 22
\BOOKMARK [3][-]{section*.23}{\376\377\000T\000r\000a\000n\000s\000c\000r\000i\000p\000t\000\040\000q\000u\000a\000n\000t\000i\000f\000i\000c\000a\000t\000i\000o\000n}{section*.21}% 23
\BOOKMARK [3][-]{section*.24}{\376\377\000C\000h\000I\000P\000-\000s\000e\000q\000\040\000q\000u\000a\000n\000t\000i\000f\000i\000c\000a\000t\000i\000o\000n}{section*.21}% 24
\BOOKMARK [2][-]{section*.25}{\376\377\000Q\000u\000a\000n\000t\000i\000f\000y\000i\000n\000g\000\040\000D\000N\000A\000\040\000m\000e\000t\000h\000y\000l\000a\000t\000i\000o\000n}{section*.12}% 25
\BOOKMARK [2][-]{section*.26}{\376\377\000A\000n\000a\000l\000y\000s\000i\000s\000\040\000o\000f\000\040\000h\000i\000s\000t\000o\000n\000e\000\040\000m\000o\000d\000i\000f\000i\000c\000a\000t\000i\000o\000n\000s}{section*.12}% 26
\BOOKMARK [3][-]{section*.27}{\376\377\000I\000d\000e\000n\000t\000i\000f\000i\000c\000a\000t\000i\000o\000n\000\040\000o\000f\000\040\000c\000h\000r\000o\000m\000a\000t\000i\000n\000\040\000s\000t\000a\000t\000e\000s}{section*.26}% 27
\BOOKMARK [3][-]{section*.28}{\376\377\000G\000e\000n\000o\000m\000e\000\040\000d\000i\000s\000t\000r\000i\000b\000u\000t\000i\000o\000n\000\040\000o\000f\000\040\000c\000h\000r\000o\000m\000a\000t\000i\000n\000\040\000s\000t\000a\000t\000e\000s}{section*.26}% 28
\BOOKMARK [2][-]{section*.29}{\376\377\000G\000e\000n\000e\000\040\000b\000o\000d\000y\000\040\000d\000i\000s\000t\000r\000i\000b\000u\000t\000i\000o\000n\000\040\000o\000f\000\040\000c\000h\000r\000o\000m\000a\000t\000i\000n\000\040\000s\000t\000a\000t\000e\000s}{section*.12}% 29
\BOOKMARK [3][-]{section*.30}{\376\377\000C\000h\000r\000o\000m\000a\000t\000i\000n\000\040\000s\000t\000a\000t\000e\000\040\000a\000n\000d\000\040\000g\000e\000n\000e\000\040\000e\000x\000p\000r\000e\000s\000s\000i\000o\000n}{section*.29}% 30
\BOOKMARK [2][-]{section*.31}{\376\377\000A\000n\000a\000l\000y\000s\000i\000s\000\040\000o\000f\000\040\000D\000N\000A\000\040\000m\000e\000t\000h\000y\000l\000a\000t\000i\000o\000n}{section*.12}% 31
\BOOKMARK [3][-]{section*.32}{\376\377\000C\000r\000e\000a\000t\000i\000o\000n\000\040\000o\000f\000\040\000D\000N\000A\000\040\000m\000e\000t\000h\000y\000l\000o\000m\000e}{section*.31}% 32
\BOOKMARK [3][-]{section*.33}{\376\377\000D\000e\000c\000o\000m\000p\000o\000s\000i\000t\000i\000o\000n\000\040\000o\000f\000\040\000D\000N\000A\000\040\000m\000e\000t\000h\000y\000l\000o\000m\000e}{section*.31}% 33
\BOOKMARK [3][-]{section*.34}{\376\377\000S\000t\000r\000a\000i\000n\000-\000s\000p\000e\000c\000i\000f\000i\000c\000\040\000C\000p\000G\000\040\000s\000i\000t\000e\000s}{section*.31}% 34
\BOOKMARK [3][-]{section*.35}{\376\377\000D\000i\000s\000t\000r\000i\000b\000u\000t\000i\000o\000n\000\040\000a\000n\000d\000\040\000m\000e\000t\000h\000y\000l\000a\000t\000i\000o\000n\000\040\000o\000f\000\040\000C\000p\000G\000\040\000s\000i\000t\000e\000s}{section*.31}% 35
\BOOKMARK [3][-]{section*.36}{\376\377\000A\000s\000s\000o\000c\000i\000a\000t\000i\000o\000n\000\040\000o\000f\000\040\000D\000N\000A\000\040\000m\000e\000t\000h\000y\000l\000a\000t\000i\000o\000n\000\040\000w\000i\000t\000h\000\040\000g\000e\000n\000e\000\040\000e\000x\000p\000r\000e\000s\000s\000i\000o\000n}{section*.31}% 36
\BOOKMARK [3][-]{section*.37}{\376\377\000I\000n\000t\000e\000r\000a\000c\000t\000i\000o\000n\000s\000\040\000b\000e\000t\000w\000e\000e\000n\000\040\000c\000h\000r\000o\000m\000a\000t\000i\000n\000\040\000s\000t\000a\000t\000e\000\040\000a\000n\000d\000\040\000D\000N\000A\000\040\000m\000e\000t\000h\000y\000l\000a\000t\000i\000o\000n}{section*.31}% 37
\BOOKMARK [2][-]{section*.38}{\376\377\000I\000m\000p\000u\000t\000a\000t\000i\000o\000n\000\040\000o\000f\000\040\000g\000e\000n\000o\000m\000i\000c\000\040\000f\000e\000a\000t\000u\000r\000e\000s\000\040\000i\000n\000\040\000D\000i\000v\000e\000r\000s\000i\000t\000y\000\040\000O\000u\000t\000b\000r\000e\000d\000\040\000m\000i\000c\000e}{section*.12}% 38
\BOOKMARK [3][-]{section*.39}{\376\377\000P\000e\000r\000m\000u\000t\000a\000t\000i\000o\000n\000s}{section*.38}% 39
\BOOKMARK [1][-]{section*.40}{\376\377\000D\000a\000t\000a\000\040\000A\000c\000c\000e\000s\000s}{}% 40
\BOOKMARK [1][-]{section*.41}{\376\377\000C\000o\000m\000p\000e\000t\000i\000n\000g\000\040\000I\000n\000t\000e\000r\000e\000s\000t\000\040\000S\000t\000a\000t\000e\000m\000e\000n\000t}{}% 41
\BOOKMARK [1][-]{section*.42}{\376\377\000A\000c\000k\000n\000o\000w\000l\000e\000d\000g\000e\000m\000e\000n\000t\000s}{}% 42
\BOOKMARK [1][-]{section*.43}{\376\377\000S\000u\000p\000p\000l\000e\000m\000e\000n\000t\000a\000l\000\040\000F\000i\000g\000u\000r\000e\000\040\000L\000e\000g\000e\000n\000d\000s}{}% 43
